{"s":"aps","test":"test"}

Mon, 04 Feb 2013 13:31:56 +0400 {"s":"aps","test":"test"}
Mon, 04 Feb 2013 13:32:27 +0400 {"s":"aps","test":"test"}
Mon, 04 Feb 2013 13:32:27 +0400 {"s":"aps","test":"test"}
Mon, 04 Feb 2013 13:32:27 +0400 {"s":"aps","test":"test"}
Mon, 04 Feb 2013 13:33:07 +0400 {"s":"aps","command":"install"}
Mon, 04 Feb 2013 14:22:41 +0400 {"s":"aps","test":"test"}
Mon, 04 Feb 2013 14:24:10 +0400 {"s":"aps","command":"install"}
Mon, 04 Feb 2013 14:24:15 +0400 {"s":"aps","command":"remove"}
Mon, 04 Feb 2013 14:24:21 +0400 {"s":"aps","command":"install"}
Mon, 04 Feb 2013 14:24:26 +0400 {"s":"aps","command":"upgrade","arg":"[\"configure.php\",\"upgrade\"]"}
Mon, 04 Feb 2013 14:24:31 +0400 {"s":"aps","command":"configure"}
Mon, 04 Feb 2013 14:24:36 +0400 {"s":"aps","command":"remove"}
Mon, 04 Feb 2013 18:46:24 +0400 {"s":"aps","command":"install"}
Mon, 04 Feb 2013 18:47:58 +0400 {"s":"aps","command":"install"}
Mon, 04 Feb 2013 18:50:51 +0400 {"s":"aps","command":"remove"}
Mon, 04 Feb 2013 19:53:50 +0400 {"s":"aps","command":"remove"}
Mon, 04 Feb 2013 19:54:22 +0400 {"s":"aps","command":"remove"}
Mon, 04 Feb 2013 19:54:28 +0400 {"s":"aps","command":"remove"}
Mon, 04 Feb 2013 19:54:31 +0400 {"s":"aps","command":"remove"}
Mon, 04 Feb 2013 19:54:35 +0400 {"s":"aps","command":"remove"}
Mon, 04 Feb 2013 19:54:39 +0400 {"s":"aps","command":"remove"}
Mon, 04 Feb 2013 20:05:33 +0400 {"s":"aps","command":"remove"}
Mon, 04 Feb 2013 20:05:34 +0400 {"s":"aps","command":"install"}
Mon, 04 Feb 2013 21:02:58 +0400 {"s":"aps","command":"configure"}
Mon, 04 Feb 2013 21:03:13 +0400 {"s":"aps","command":"configure"}
Mon, 04 Feb 2013 21:03:36 +0400 {"s":"aps","command":"configure"}
Mon, 04 Feb 2013 21:05:32 +0400 {"s":"aps","command":"configure"}
Mon, 04 Feb 2013 21:05:32 +0400 {"s":"aps","command":"configure"}
Mon, 04 Feb 2013 21:24:49 +0400 {"s":"aps","command":"configure"}
Mon, 04 Feb 2013 21:34:59 +0400 {"GET":{"s":"aps","command":"configure"},"POST":[]}
Mon, 04 Feb 2013 21:38:25 +0400 {"GET":{"s":"aps","command":"install"},"POST":[]}
Mon, 04 Feb 2013 21:44:07 +0400 {"GET":{"s":"aps","Sign":"91a37500128dd037fb450a3245c33c0955542bd2"},"POST":[]}
Mon, 04 Feb 2013 21:45:13 +0400 {"GET":{"s":"aps","Sign":"91a37500128dd037fb450a3245c33c0955542bd2"},"POST":[]}
Mon, 04 Feb 2013 21:45:29 +0400 {"GET":{"s":"aps","Sign":"91a37500128dd037fb450a3245c33c0955542bd2"},"POST":[]}
Mon, 04 Feb 2013 21:47:30 +0400 {"GET":{"s":"aps","Sign":"91a37500128dd037fb450a3245c33c0955542bd2"},"POST":[]}
Mon, 04 Feb 2013 21:51:00 +0400 {"GET":{"s":"aps","Sign":"91a37500128dd037fb450a3245c33c0955542bd2"},"POST":[]}
Mon, 04 Feb 2013 21:51:01 +0400 {"GET":{"s":"aps","Sign":"acf85490e65c87e71c0289ba2c2917e726445730"},"POST":[]}
Mon, 04 Feb 2013 21:51:01 +0400 {"GET":{"s":"aps","Sign":"91a37500128dd037fb450a3245c33c0955542bd2"},"POST":[]}
Mon, 04 Feb 2013 21:51:14 +0400 {"GET":{"s":"aps","command":"remove"},"POST":[]}
Mon, 04 Feb 2013 21:51:18 +0400 {"GET":{"s":"aps","command":"remove"},"POST":[]}
Mon, 04 Feb 2013 21:53:03 +0400 {"GET":{"s":"aps","command":"remove"},"POST":[]}
Mon, 04 Feb 2013 21:53:11 +0400 {"GET":{"s":"aps","command":"remove"},"POST":[]}
Mon, 04 Feb 2013 21:53:17 +0400 {"GET":{"s":"aps","Sign":"91a37500128dd037fb450a3245c33c0955542bd2"},"POST":[]}
Mon, 04 Feb 2013 21:53:17 +0400 {"GET":{"s":"aps","Sign":"acf85490e65c87e71c0289ba2c2917e726445730"},"POST":[]}
Mon, 04 Feb 2013 21:53:17 +0400 {"GET":{"s":"aps","Sign":"91a37500128dd037fb450a3245c33c0955542bd2"},"POST":[]}
Mon, 04 Feb 2013 21:58:53 +0400 {"GET":{"s":"aps","command":"loginvalidator","Sign":"91a37500128dd037fb450a3245c33c0955542bd2"},"POST":[]}
Mon, 04 Feb 2013 21:58:53 +0400 {"GET":{"s":"aps","command":"registration","Sign":"acf85490e65c87e71c0289ba2c2917e726445730"},"POST":[]}
Mon, 04 Feb 2013 21:58:53 +0400 {"GET":{"s":"aps","command":"pay","Sign":"91a37500128dd037fb450a3245c33c0955542bd2"},"POST":[]}
Mon, 04 Feb 2013 22:00:26 +0400 {"GET":{"s":"aps","command":"loginvalidator","Sign":"91a37500128dd037fb450a3245c33c0955542bd2"},"POST":[],"REQUEST":{"s":"aps","command":"loginvalidator","Sign":"91a37500128dd037fb450a3245c33c0955542bd2"}}
Mon, 04 Feb 2013 22:00:27 +0400 {"GET":{"s":"aps","command":"registration","Sign":"acf85490e65c87e71c0289ba2c2917e726445730"},"POST":[],"REQUEST":{"s":"aps","command":"registration","Sign":"acf85490e65c87e71c0289ba2c2917e726445730"}}
Mon, 04 Feb 2013 22:00:27 +0400 {"GET":{"s":"aps","command":"pay","Sign":"91a37500128dd037fb450a3245c33c0955542bd2"},"POST":[],"REQUEST":{"s":"aps","command":"pay","Sign":"91a37500128dd037fb450a3245c33c0955542bd2"}}
Mon, 04 Feb 2013 22:01:09 +0400 {"GET":{"s":"aps","command":"loginvalidator","Sign":"da39a3ee5e6b4b0d3255bfef95601890afd80709"},"POST":[],"REQUEST":{"s":"aps","command":"loginvalidator","Sign":"da39a3ee5e6b4b0d3255bfef95601890afd80709"}}
Mon, 04 Feb 2013 22:01:09 +0400 {"GET":{"s":"aps","command":"registration","Sign":"da39a3ee5e6b4b0d3255bfef95601890afd80709"},"POST":[],"REQUEST":{"s":"aps","command":"registration","Sign":"da39a3ee5e6b4b0d3255bfef95601890afd80709"}}
Mon, 04 Feb 2013 22:01:09 +0400 {"GET":{"s":"aps","command":"pay","Sign":"da39a3ee5e6b4b0d3255bfef95601890afd80709"},"POST":[],"REQUEST":{"s":"aps","command":"pay","Sign":"da39a3ee5e6b4b0d3255bfef95601890afd80709"}}
Mon, 04 Feb 2013 22:04:05 +0400 {"REQUEST":{"s":"aps","command":"loginvalidator","Sign":"91a37500128dd037fb450a3245c33c0955542bd2"},"PAYLOAD":"{\"Login\":\"\"}"}
Mon, 04 Feb 2013 22:04:06 +0400 {"REQUEST":{"s":"aps","command":"registration","Sign":"acf85490e65c87e71c0289ba2c2917e726445730"},"PAYLOAD":"{\"Email\":\"\",\"Password\":\"\",\"Type\":\"\"}"}
Mon, 04 Feb 2013 22:04:06 +0400 {"REQUEST":{"s":"aps","command":"pay","Sign":"91a37500128dd037fb450a3245c33c0955542bd2"},"PAYLOAD":"{\"Login\":\"\"}"}
Mon, 04 Feb 2013 22:14:03 +0400 {"REQUEST":{"s":"aps","command":"remove"},"PAYLOAD":""}
Mon, 04 Feb 2013 22:14:07 +0400 {"REQUEST":{"s":"aps","command":"remove"},"PAYLOAD":""}
Mon, 04 Feb 2013 22:14:11 +0400 {"REQUEST":{"s":"aps","command":"remove"},"PAYLOAD":""}
Mon, 04 Feb 2013 22:14:15 +0400 {"REQUEST":{"s":"aps","command":"remove"},"PAYLOAD":""}
Mon, 04 Feb 2013 22:14:20 +0400 {"REQUEST":{"s":"aps","command":"remove"},"PAYLOAD":""}
Mon, 04 Feb 2013 22:14:24 +0400 {"REQUEST":{"s":"aps","command":"remove"},"PAYLOAD":""}
Mon, 04 Feb 2013 22:16:47 +0400 {"REQUEST":{"s":"aps","command":"loginvalidator","Sign":"91a37500128dd037fb450a3245c33c0955542bd2"},"PAYLOAD":"{\"Login\":\"\"}"}
Mon, 04 Feb 2013 22:16:47 +0400 {"REQUEST":{"s":"aps","command":"registration","Sign":"e02f18085e9acf0cce93c81803cf130d1b8be4b9"},"PAYLOAD":"{\"Email\":\"\",\"Password\":\"\"}"}
Mon, 04 Feb 2013 22:16:47 +0400 {"REQUEST":{"s":"aps","command":"pay","Sign":"91a37500128dd037fb450a3245c33c0955542bd2"},"PAYLOAD":"{\"Login\":\"\"}"}
Mon, 04 Feb 2013 22:22:27 +0400 {"REQUEST":{"s":"aps","command":"loginvalidator","Sign":"91a37500128dd037fb450a3245c33c0955542bd2"},"PAYLOAD":"{\"Login\":\"\"}"}
Mon, 04 Feb 2013 22:22:28 +0400 {"REQUEST":{"s":"aps","command":"registration","Sign":"78003e0b6f1712a9102b7491f59e909a642c8f25"},"PAYLOAD":"{\"Email\":\"\",\"Password\":\"\", \"ENV\":\"[]\"}"}
Mon, 04 Feb 2013 22:22:28 +0400 {"REQUEST":{"s":"aps","command":"pay","Sign":"91a37500128dd037fb450a3245c33c0955542bd2"},"PAYLOAD":"{\"Login\":\"\"}"}
Mon, 04 Feb 2013 22:24:06 +0400 {"REQUEST":{"s":"aps","command":"loginvalidator","Sign":"9a9704079ed4ff8d340934145f20272e870e5579"},"PAYLOAD":"{\"Login\":\"user@ya.ru\"}"}
Mon, 04 Feb 2013 22:24:06 +0400 {"REQUEST":{"s":"aps","command":"registration","Sign":"78003e0b6f1712a9102b7491f59e909a642c8f25"},"PAYLOAD":"{\"Email\":\"\",\"Password\":\"\", \"ENV\":\"[]\"}"}
Mon, 04 Feb 2013 22:24:06 +0400 {"REQUEST":{"s":"aps","command":"pay","Sign":"91a37500128dd037fb450a3245c33c0955542bd2"},"PAYLOAD":"{\"Login\":\"\"}"}
Mon, 04 Feb 2013 22:37:23 +0400 {"REQUEST":{"s":"aps","command":"remove"},"PAYLOAD":""}
Mon, 04 Feb 2013 22:38:27 +0400 {"REQUEST":{"s":"aps","command":"remove"},"PAYLOAD":""}
Mon, 04 Feb 2013 22:39:28 +0400 {"REQUEST":{"s":"aps","command":"remove"},"PAYLOAD":""}
Mon, 04 Feb 2013 22:40:39 +0400 {"REQUEST":{"s":"aps","command":"loginvalidator","Sign":"279299259c3a2ff2859044728f45007f4906830f"},"PAYLOAD":"{\"user_email\":\"vasya@gmail.com\"}"}
Mon, 04 Feb 2013 22:40:39 +0400 {"REQUEST":{"s":"aps","command":"registration","Sign":"49de213ef710ba179841093051c374caee174b07"},"PAYLOAD":"{\"user_email\":\"vasya@gmail.com\",\"user_pass\":\"guest\"}"}
Mon, 04 Feb 2013 22:40:39 +0400 {"REQUEST":{"s":"aps","command":"pay","Sign":"279299259c3a2ff2859044728f45007f4906830f"},"PAYLOAD":"{\"user_email\":\"vasya@gmail.com\"}"}
Tue, 05 Feb 2013 01:41:15 +0400 {"REQUEST":{"s":"aps","command":"loginvalidator","Sign":"6275f1348452f9358674d4dd910838139091d2c7"},"PAYLOAD":null}
Tue, 05 Feb 2013 01:41:16 +0400 {"REQUEST":{"s":"aps","command":"registration","Sign":"176e902fedb4c8c3be2408bd460fd2e05dca02c7"},"PAYLOAD":null}
Tue, 05 Feb 2013 01:41:16 +0400 {"REQUEST":{"s":"aps","command":"pay","Sign":"6275f1348452f9358674d4dd910838139091d2c7"},"PAYLOAD":null}
Tue, 05 Feb 2013 01:42:16 +0400 UNSECURE!!! {"REQUEST":{"s":"aps","command":"loginvalidator","Sign":"db4d8c491c776717a39ef1c9554f1d7f95639479"},"PAYLOAD":null}
Tue, 05 Feb 2013 01:42:17 +0400 UNSECURE!!! {"REQUEST":{"s":"aps","command":"registration","Sign":"684ac627af2ce06c24b9d3d1eaa76d0c0e1efd2d"},"PAYLOAD":null}
Tue, 05 Feb 2013 01:42:17 +0400 UNSECURE!!! {"REQUEST":{"s":"aps","command":"pay","Sign":"db4d8c491c776717a39ef1c9554f1d7f95639479"},"PAYLOAD":null}
Tue, 05 Feb 2013 01:54:39 +0400 {"REQUEST":{"s":"aps","command":"loginvalidator","Sign":"db4d8c491c776717a39ef1c9554f1d7f95639479"},"PAYLOAD":"{\"user_email\":\"user@ya.ru\"}"}
Tue, 05 Feb 2013 01:54:40 +0400 {"REQUEST":{"s":"aps","command":"registration","Sign":"684ac627af2ce06c24b9d3d1eaa76d0c0e1efd2d"},"PAYLOAD":"{\"user_email\":\"user@ya.ru\",\"user_pass\":\"guest\"}"}
Tue, 05 Feb 2013 01:54:40 +0400 {"REQUEST":{"s":"aps","command":"pay","Sign":"db4d8c491c776717a39ef1c9554f1d7f95639479"},"PAYLOAD":"{\"user_email\":\"user@ya.ru\"}"}
Tue, 05 Feb 2013 01:55:40 +0400 {"REQUEST":{"s":"aps","command":"loginvalidator","Sign":"db4d8c491c776717a39ef1c9554f1d7f95639479"},"PAYLOAD":"{\"user_email\":\"user@ya.ru\"}"}
Tue, 05 Feb 2013 01:55:41 +0400 {"REQUEST":{"s":"aps","command":"registration","Sign":"684ac627af2ce06c24b9d3d1eaa76d0c0e1efd2d"},"PAYLOAD":"{\"user_email\":\"user@ya.ru\",\"user_pass\":\"guest\"}"}
Tue, 05 Feb 2013 01:55:41 +0400 {"REQUEST":{"s":"aps","command":"pay","Sign":"db4d8c491c776717a39ef1c9554f1d7f95639479"},"PAYLOAD":"{\"user_email\":\"user@ya.ru\"}"}
Tue, 05 Feb 2013 01:59:44 +0400 {"REQUEST":{"s":"aps","command":"loginvalidator","Sign":"db4d8c491c776717a39ef1c9554f1d7f95639479"},"PAYLOAD":"{\"user_email\":\"user@ya.ru\"}"}
Tue, 05 Feb 2013 02:00:24 +0400 {"REQUEST":{"s":"aps","command":"loginvalidator","Sign":"db4d8c491c776717a39ef1c9554f1d7f95639479"},"PAYLOAD":"{\"user_email\":\"user@ya.ru\"}"}
Tue, 05 Feb 2013 02:00:46 +0400 UNSECURE!!! {"REQUEST":{"s":"aps","command":"remove"},"PAYLOAD":""}
Tue, 05 Feb 2013 02:00:50 +0400 UNSECURE!!! {"REQUEST":{"s":"aps","command":"remove"},"PAYLOAD":""}
Tue, 05 Feb 2013 02:00:55 +0400 UNSECURE!!! {"REQUEST":{"s":"aps","command":"remove"},"PAYLOAD":""}
Tue, 05 Feb 2013 02:00:59 +0400 UNSECURE!!! {"REQUEST":{"s":"aps","command":"remove"},"PAYLOAD":""}
Tue, 05 Feb 2013 02:01:03 +0400 UNSECURE!!! {"REQUEST":{"s":"aps","command":"remove"},"PAYLOAD":""}
Tue, 05 Feb 2013 02:01:07 +0400 UNSECURE!!! {"REQUEST":{"s":"aps","command":"remove"},"PAYLOAD":""}
Tue, 05 Feb 2013 02:01:11 +0400 UNSECURE!!! {"REQUEST":{"s":"aps","command":"remove"},"PAYLOAD":""}
Tue, 05 Feb 2013 14:13:56 +0400 UNSECURE!!! {"REQUEST":{"s":"aps","test":"test"},"PAYLOAD":""}
Tue, 05 Feb 2013 14:48:06 +0400 {"REQUEST":{"s":"aps","command":"loginvalidator","Sign":"0ccb179c0b726b1393d1bb19a68c0952e84b5857"},"PAYLOAD":"{\"user_email\":\"roman@wobot.co\"}"}
Tue, 05 Feb 2013 14:48:06 +0400 {"REQUEST":{"s":"aps","command":"registration","Sign":"9069c4613984510bbcf92581c6f028ffab116a2b"},"PAYLOAD":"{\"user_email\":\"roman@wobot.co\",\"user_pass\":\"Rqwerty1\"}"}
Tue, 05 Feb 2013 14:48:06 +0400 {"REQUEST":{"s":"aps","command":"pay","Sign":"0ccb179c0b726b1393d1bb19a68c0952e84b5857"},"PAYLOAD":"{\"user_email\":\"roman@wobot.co\"}"}
Tue, 05 Feb 2013 14:56:38 +0400 UNSECURE!!! {"REQUEST":{"s":"aps","command":"remove"},"PAYLOAD":""}
Tue, 05 Feb 2013 14:57:37 +0400 {"REQUEST":{"s":"aps","command":"loginvalidator","Sign":"0ccb179c0b726b1393d1bb19a68c0952e84b5857"},"PAYLOAD":"{\"user_email\":\"roman@wobot.co\"}"}
Tue, 05 Feb 2013 14:57:38 +0400 {"REQUEST":{"s":"aps","command":"registration","Sign":"53cc1f45b4e1f21f4071685a40852d0c7be2cdea"},"PAYLOAD":"{\"user_email\":\"roman@wobot.co\",\"user_pass\":\"1\"}"}
Tue, 05 Feb 2013 14:57:38 +0400 {"REQUEST":{"s":"aps","command":"enable","Sign":"0ccb179c0b726b1393d1bb19a68c0952e84b5857"},"PAYLOAD":"{\"user_email\":\"roman@wobot.co\"}"}
Tue, 05 Feb 2013 15:08:42 +0400 UNSECURE!!! {"REQUEST":{"s":"aps","command":"configure"},"PAYLOAD":""}
Tue, 05 Feb 2013 15:09:06 +0400 {"REQUEST":{"s":"aps","command":"loginvalidator","Sign":"0ccb179c0b726b1393d1bb19a68c0952e84b5857"},"PAYLOAD":"{\"user_email\":\"roman@wobot.co\"}"}
Tue, 05 Feb 2013 17:03:52 +0400 UNSECURE!!! {"REQUEST":{"s":"aps","command":"configure"},"PAYLOAD":""}
Tue, 05 Feb 2013 17:04:53 +0400 {"REQUEST":{"s":"aps","command":"loginvalidator","Sign":"0ccb179c0b726b1393d1bb19a68c0952e84b5857"},"PAYLOAD":"{\"user_email\":\"roman@wobot.co\"}"}
Tue, 05 Feb 2013 17:07:18 +0400 {"REQUEST":{"s":"aps","command":"loginvalidator","Sign":"0ccb179c0b726b1393d1bb19a68c0952e84b5857"},"PAYLOAD":"{\"user_email\":\"roman@wobot.co\"}"}
Tue, 05 Feb 2013 17:10:43 +0400 {"REQUEST":{"s":"aps","command":"loginvalidator","Sign":"0ccb179c0b726b1393d1bb19a68c0952e84b5857"},"PAYLOAD":"{\"user_email\":\"roman@wobot.co\"}"}
Tue, 05 Feb 2013 17:12:22 +0400 {"REQUEST":{"s":"aps","command":"loginvalidator","Sign":"0ccb179c0b726b1393d1bb19a68c0952e84b5857"},"PAYLOAD":"{\"user_email\":\"roman@wobot.co\"}"}
Tue, 05 Feb 2013 17:13:45 +0400 {"REQUEST":{"s":"aps","command":"edit","Sign":"a4a212797721b488e52c358706da656a46b11b7b"},"PAYLOAD":"{\"user_old_email\":\"roman@wobot.co\",\"user_email\":\"roman@wobot.co\",\"user_pass\":\"1qwertyR2\"}"}
Tue, 05 Feb 2013 17:22:08 +0400 {"REQUEST":{"s":"aps","command":"edit","Sign":"fcb6140f62bc460a2f0f10f33bf6e72e8c7f5446"},"PAYLOAD":"{\"user_old_email\":\"roman@wobot.co\",\"user_email\":\"roman@wobot.co\",\"user_pass\":\"1qwertyR3\"}"}
Tue, 05 Feb 2013 17:22:08 +0400UPDATE users SET user_email="roman@wobot.co",user_pass="6a34418ad64af14dd56042a8cc8d731e" WHERE user_id=1850 and user_promo="APS"
Tue, 05 Feb 2013 17:35:07 +0400 {"REQUEST":{"s":"aps","command":"edit","Sign":"2714bba55ca23b1b65cb571f3c6c1cf7a691d50b"},"PAYLOAD":"{\"user_old_email\":\"\",\"user_email\":\"irozet@parallels.com\",\"user_pass\":\"uhBBWFnO\"}"}
Tue, 05 Feb 2013 17:39:30 +0400 UNSECURE!!! {"REQUEST":{"s":"aps","command":"registration","Sign":"670e86e6f957f35944e8a6a14cd140d9fec8641a"},"PAYLOAD":"{\"user_email\":\"irozet@parallels.com\",\"user_pass\":\"qWyZDlp1\"}"}
Tue, 05 Feb 2013 17:39:30 +0400 UNSECURE!!! {"REQUEST":{"s":"aps","command":"enable","Sign":"ec381c2700664bfc82e269d0e462e2758e310bac"},"PAYLOAD":"{\"user_email\":\"irozet@parallels.com\"}"}
Tue, 05 Feb 2013 17:39:32 +0400 UNSECURE!!! {"REQUEST":{"s":"aps","command":"loginvalidator","Sign":"ec381c2700664bfc82e269d0e462e2758e310bac"},"PAYLOAD":"{\"user_email\":\"irozet@parallels.com\"}"}
Tue, 05 Feb 2013 17:40:01 +0400 UNSECURE!!! {"REQUEST":{"s":"aps","command":"loginvalidator","Sign":"ec381c2700664bfc82e269d0e462e2758e310bac"},"PAYLOAD":"{\"user_email\":\"irozet@parallels.com\"}"}
Tue, 05 Feb 2013 17:40:03 +0400 UNSECURE!!! {"REQUEST":{"s":"aps","command":"loginvalidator","Sign":"ec381c2700664bfc82e269d0e462e2758e310bac"},"PAYLOAD":"{\"user_email\":\"irozet@parallels.com\"}"}
Tue, 05 Feb 2013 18:42:47 +0400 UNSECURE!!! {"REQUEST":{"s":"aps","command":"registration","Sign":"bcaa868cbe8e9f2c4553c6e8cde75fdba027e82c"},"PAYLOAD":"{\"user_email\":\"irozet@parallels.com\",\"user_pass\":\"0gMq0LT6\"}"}
Tue, 05 Feb 2013 18:42:47 +0400 {"REQUEST":{"s":"aps","command":"registration","Sign":"bcaa868cbe8e9f2c4553c6e8cde75fdba027e82c"},"PAYLOAD":"{\"user_email\":\"irozet@parallels.com\",\"user_pass\":\"0gMq0LT6\"}"}
Tue, 05 Feb 2013 18:42:47 +0400 UNSECURE!!! {"REQUEST":{"s":"aps","command":"enable","Sign":"ec381c2700664bfc82e269d0e462e2758e310bac"},"PAYLOAD":"{\"user_email\":\"irozet@parallels.com\"}"}
Tue, 05 Feb 2013 18:42:47 +0400 {"REQUEST":{"s":"aps","command":"enable","Sign":"ec381c2700664bfc82e269d0e462e2758e310bac"},"PAYLOAD":"{\"user_email\":\"irozet@parallels.com\"}"}
Tue, 05 Feb 2013 18:43:16 +0400 UNSECURE!!! {"REQUEST":{"s":"aps","command":"loginvalidator","Sign":"ec381c2700664bfc82e269d0e462e2758e310bac"},"PAYLOAD":"{\"user_email\":\"irozet@parallels.com\"}"}
Tue, 05 Feb 2013 18:43:16 +0400 {"REQUEST":{"s":"aps","command":"loginvalidator","Sign":"ec381c2700664bfc82e269d0e462e2758e310bac"},"PAYLOAD":"{\"user_email\":\"irozet@parallels.com\"}"}
Tue, 05 Feb 2013 18:43:17 +0400 UNSECURE!!! {"REQUEST":{"s":"aps","command":"loginvalidator","Sign":"ec381c2700664bfc82e269d0e462e2758e310bac"},"PAYLOAD":"{\"user_email\":\"irozet@parallels.com\"}"}
Tue, 05 Feb 2013 18:43:17 +0400 {"REQUEST":{"s":"aps","command":"loginvalidator","Sign":"ec381c2700664bfc82e269d0e462e2758e310bac"},"PAYLOAD":"{\"user_email\":\"irozet@parallels.com\"}"}
Tue, 05 Feb 2013 18:47:22 +0400 UNSECURE!!! {"REQUEST":{"s":"aps","command":"registration","Sign":"34be5f7a839f11f1e2d97765330ed484e8fb6264"},"PAYLOAD":"{\"user_email\":\"irozet@parallels.com\",\"user_pass\":\"HjZXydcS\"}"}
Tue, 05 Feb 2013 18:47:22 +0400 {"REQUEST":{"s":"aps","command":"registration","Sign":"34be5f7a839f11f1e2d97765330ed484e8fb6264"},"PAYLOAD":"{\"user_email\":\"irozet@parallels.com\",\"user_pass\":\"HjZXydcS\"}"}
Tue, 05 Feb 2013 18:47:22 +0400 UNSECURE!!! {"REQUEST":{"s":"aps","command":"enable","Sign":"ec381c2700664bfc82e269d0e462e2758e310bac"},"PAYLOAD":"{\"user_email\":\"irozet@parallels.com\"}"}
Tue, 05 Feb 2013 18:47:22 +0400 {"REQUEST":{"s":"aps","command":"enable","Sign":"ec381c2700664bfc82e269d0e462e2758e310bac"},"PAYLOAD":"{\"user_email\":\"irozet@parallels.com\"}"}
Tue, 05 Feb 2013 18:47:23 +0400 UNSECURE!!! {"REQUEST":{"s":"aps","command":"loginvalidator","Sign":"ec381c2700664bfc82e269d0e462e2758e310bac"},"PAYLOAD":"{\"user_email\":\"irozet@parallels.com\"}"}
Tue, 05 Feb 2013 18:47:23 +0400 {"REQUEST":{"s":"aps","command":"loginvalidator","Sign":"ec381c2700664bfc82e269d0e462e2758e310bac"},"PAYLOAD":"{\"user_email\":\"irozet@parallels.com\"}"}
Tue, 05 Feb 2013 18:47:54 +0400 UNSECURE!!! {"REQUEST":{"s":"aps","command":"loginvalidator","Sign":"ec381c2700664bfc82e269d0e462e2758e310bac"},"PAYLOAD":"{\"user_email\":\"irozet@parallels.com\"}"}
Tue, 05 Feb 2013 18:47:54 +0400 {"REQUEST":{"s":"aps","command":"loginvalidator","Sign":"ec381c2700664bfc82e269d0e462e2758e310bac"},"PAYLOAD":"{\"user_email\":\"irozet@parallels.com\"}"}
Tue, 05 Feb 2013 18:47:56 +0400 UNSECURE!!! {"REQUEST":{"s":"aps","command":"loginvalidator","Sign":"ec381c2700664bfc82e269d0e462e2758e310bac"},"PAYLOAD":"{\"user_email\":\"irozet@parallels.com\"}"}
Tue, 05 Feb 2013 18:47:56 +0400 {"REQUEST":{"s":"aps","command":"loginvalidator","Sign":"ec381c2700664bfc82e269d0e462e2758e310bac"},"PAYLOAD":"{\"user_email\":\"irozet@parallels.com\"}"}
Tue, 05 Feb 2013 18:47:59 +0400 UNSECURE!!! {"REQUEST":{"s":"aps","command":"edit","Sign":"66dcd33a3f1c8ba94670da1e79349f395c23e76f"},"PAYLOAD":"{\"user_old_email\":\"irozet@parallels.com\",\"user_email\":\"aigF_user@provider.com.tst\",\"user_pass\":\"ibFGFCbgfjKbEGgaDEDIFIddb\"}"}
Tue, 05 Feb 2013 18:47:59 +0400 {"REQUEST":{"s":"aps","command":"edit","Sign":"66dcd33a3f1c8ba94670da1e79349f395c23e76f"},"PAYLOAD":"{\"user_old_email\":\"irozet@parallels.com\",\"user_email\":\"aigF_user@provider.com.tst\",\"user_pass\":\"ibFGFCbgfjKbEGgaDEDIFIddb\"}"}
Tue, 05 Feb 2013 18:58:24 +0400 {"REQUEST":{"s":"aps","command":"edit","Sign":"bab22b2fdb96e69ba348e5f1f1279ef8f1cd6020"},"PAYLOAD":"{\"user_old_email\":\"roman@wobot.co\",\"user_email\":\"roman@wobot.co\",\"user_pass\":\"1qwertyR4\"}"}
Tue, 05 Feb 2013 19:03:52 +0400 {"REQUEST":{"s":"aps","command":"loginvalidator","Sign":"381f479afed91dd25e39b99f8e0ca5cf3971c0f2"},"PAYLOAD":"{\"user_email\":\"roman1@wobot.co\"}"}
Tue, 05 Feb 2013 19:03:53 +0400 {"REQUEST":{"s":"aps","command":"edit","Sign":"206437008762c5b38cbbab8080dba618b755d0af"},"PAYLOAD":"{\"user_old_email\":\"roman@wobot.co\",\"user_email\":\"roman1@wobot.co\",\"user_pass\":\"1qwertyR5\"}"}
