Wed, 02 Oct 2013 11:16:27 +0400
Wed, 02 Oct 2013 11:16:28 +0400
Wed, 02 Oct 2013 11:16:29 +0400
Wed, 02 Oct 2013 11:16:36 +0400
Wed, 02 Oct 2013 11:16:37 +0400
Wed, 02 Oct 2013 11:16:37 +0400
Wed, 02 Oct 2013 11:16:40 +0400
Wed, 02 Oct 2013 11:16:40 +0400
Wed, 02 Oct 2013 11:16:41 +0400
Wed, 02 Oct 2013 11:16:41 +0400
Wed, 02 Oct 2013 11:16:41 +0400
Wed, 02 Oct 2013 11:16:41 +0400
Wed, 02 Oct 2013 11:16:45 +0400
Wed, 02 Oct 2013 11:16:46 +0400
Wed, 02 Oct 2013 11:16:46 +0400
Wed, 02 Oct 2013 11:16:46 +0400
Wed, 02 Oct 2013 11:29:32 +0400
Wed, 02 Oct 2013 11:29:34 +0400
Wed, 02 Oct 2013 11:29:34 +0400
Wed, 02 Oct 2013 11:29:50 +0400
Wed, 02 Oct 2013 11:29:51 +0400
Wed, 02 Oct 2013 11:29:51 +0400
Wed, 02 Oct 2013 11:30:44 +0400
Wed, 02 Oct 2013 11:30:44 +0400
Wed, 02 Oct 2013 11:30:59 +0400
Wed, 02 Oct 2013 11:34:22 +0400
Wed, 02 Oct 2013 11:34:23 +0400
Wed, 02 Oct 2013 11:34:23 +0400
Wed, 02 Oct 2013 11:34:24 +0400
Wed, 02 Oct 2013 11:34:24 +0400
Wed, 02 Oct 2013 11:34:24 +0400
Wed, 02 Oct 2013 11:35:13 +0400
Wed, 02 Oct 2013 11:48:57 +0400
Wed, 02 Oct 2013 11:49:45 +0400
