путин [Thu, 10 Feb 2011 00:00:00 +0300]
twitter.com: 0
livejournal.com: 100
200
300
400
500
600
700
800
900
1000
liveinternet.ru: 1070
diary.ru: 1114
other: 1214
1314
1414
1514
1614
1714
1814
1914
2014
2114
2114путин [Wed, 02 Mar 2011 00:00:00 +0300]
twitter.com: 0
livejournal.com: 100
200
300
400
500
600
700
800
900
1000
liveinternet.ru: 1089
diary.ru: 1151
other: 1251
1351
1451
1551
1651
1751
1851
1951
2051
2151
2151htc [Wed, 02 Mar 2011 00:00:00 +0300]
twitter.com: 0
livejournal.com: 0
liveinternet.ru: 0
diary.ru: 1
other: 101
201
273
273htc [Wed, 02 Mar 2011 00:00:00 +0300]
twitter.com: http://blogs.yandex.ru/search.xml?text=htc&ft=all&server=twitter.com&from_day=02&from_month=03&from_year=2011&to_day=02&to_month=03&to_year=2011&holdres=mark&numdoc=100&p=0
100
http://blogs.yandex.ru/search.xml?text=htc&ft=all&server=twitter.com&from_day=02&from_month=03&from_year=2011&to_day=02&to_month=03&to_year=2011&holdres=mark&numdoc=100&p=11
122
livejournal.com: http://blogs.yandex.ru/search.xml?text=htc&ft=all&server=livejournal.com&from_day=02&from_month=03&from_year=2011&to_day=02&to_month=03&to_year=2011&holdres=mark&numdoc=100&p=0
222
http://blogs.yandex.ru/search.xml?text=htc&ft=all&server=livejournal.com&from_day=02&from_month=03&from_year=2011&to_day=02&to_month=03&to_year=2011&holdres=mark&numdoc=100&p=11
242
liveinternet.ru: http://blogs.yandex.ru/search.xml?text=htc&ft=all&server=liveinternet.ru&from_day=02&from_month=03&from_year=2011&to_day=02&to_month=03&to_year=2011&holdres=mark&numdoc=100&p=0
245
diary.ru: http://blogs.yandex.ru/search.xml?text=htc&ft=all&server=diary.ru&from_day=02&from_month=03&from_year=2011&to_day=02&to_month=03&to_year=2011&holdres=mark&numdoc=100&p=0
245
other: http://blogs.yandex.ru/search.xml?text=htc&ft=all&server=twitter.com%2C+liveinternet.ru%2C+diary.ru%2C+livejournal.com&x_server=on&from_day=02&from_month=03&from_year=2011&to_day=02&to_month=03&to_year=2011&holdres=mark&numdoc=100&p=0
345
http://blogs.yandex.ru/search.xml?text=htc&ft=all&server=twitter.com%2C%20liveinternet.ru%2C%20diary.ru%2C%20livejournal.com&x_server=on&from_day=02&from_month=03&from_year=2011&to_day=02&to_month=03&to_year=2011&holdres=mark&numdoc=100&p=11
417
417htc [Wed, 02 Mar 2011 00:00:00 +0300]
twitter.com: http://blogs.yandex.ru/search.xml?text=htc&ft=all&server=twitter.com&from_day=02&from_month=03&from_year=2011&to_day=02&to_month=03&to_year=2011&holdres=mark&numdoc=100&p=0
0
livejournal.com: http://blogs.yandex.ru/search.xml?text=htc&ft=all&server=livejournal.com&from_day=02&from_month=03&from_year=2011&to_day=02&to_month=03&to_year=2011&holdres=mark&numdoc=100&p=0
100
http://blogs.yandex.ru/search.xml?text=htc&ft=all&server=livejournal.com&from_day=02&from_month=03&from_year=2011&to_day=02&to_month=03&to_year=2011&holdres=mark&numdoc=100&p=11
120
liveinternet.ru: http://blogs.yandex.ru/search.xml?text=htc&ft=all&server=liveinternet.ru&from_day=02&from_month=03&from_year=2011&to_day=02&to_month=03&to_year=2011&holdres=mark&numdoc=100&p=0
123
diary.ru: http://blogs.yandex.ru/search.xml?text=htc&ft=all&server=diary.ru&from_day=02&from_month=03&from_year=2011&to_day=02&to_month=03&to_year=2011&holdres=mark&numdoc=100&p=0
124
other: http://blogs.yandex.ru/search.xml?text=htc&ft=all&server=twitter.com%2C+liveinternet.ru%2C+diary.ru%2C+livejournal.com&x_server=on&from_day=02&from_month=03&from_year=2011&to_day=02&to_month=03&to_year=2011&holdres=mark&numdoc=100&p=0
224
http://blogs.yandex.ru/search.xml?text=htc&ft=all&server=twitter.com%2C%20liveinternet.ru%2C%20diary.ru%2C%20livejournal.com&x_server=on&from_day=02&from_month=03&from_year=2011&to_day=02&to_month=03&to_year=2011&holdres=mark&numdoc=100&p=11
296
296