success: {"out_summ":"1490.000000","OutSum":"1490.000000","inv_id":"761","InvId":"761","crc":"1714A85214EFE19BE197C7190E3FD17D","SignatureValue":"1714A85214EFE19BE197C7190E3FD17D","PaymentMethod":"OceanBank","IncSum":"1490.000000","IncCurrLabel":"BANKOCEAN2R","Shp_item":"3277"}

success: {"out_summ":"1490.000000","OutSum":"1490.000000","inv_id":"761","InvId":"761","crc":"1714A85214EFE19BE197C7190E3FD17D","SignatureValue":"1714A85214EFE19BE197C7190E3FD17D","PaymentMethod":"OceanBank","IncSum":"1490.000000","IncCurrLabel":"BANKOCEAN2R","Shp_item":"3277"}

success: {"out_summ":"1490.000000","OutSum":"1490.000000","inv_id":"761","InvId":"761","crc":"1714A85214EFE19BE197C7190E3FD17D","SignatureValue":"1714A85214EFE19BE197C7190E3FD17D","PaymentMethod":"OceanBank","IncSum":"1490.000000","IncCurrLabel":"BANKOCEAN2R","Shp_item":"3277"}

success: {"out_summ":"1490.000000","OutSum":"1490.000000","inv_id":"761","InvId":"761","crc":"1714A85214EFE19BE197C7190E3FD17D","SignatureValue":"1714A85214EFE19BE197C7190E3FD17D","PaymentMethod":"OceanBank","IncSum":"1490.000000","IncCurrLabel":"BANKOCEAN2R","Shp_item":"3277"}

success: {"out_summ":"4983.000000","OutSum":"4983.000000","inv_id":"763","InvId":"763","crc":"CD3D7A073B4ED7911AE76AD47181D4E0","SignatureValue":"CD3D7A073B4ED7911AE76AD47181D4E0","PaymentMethod":"EMoney","IncSum":"4983.000000","IncCurrLabel":"YandexMerchantOceanR","Shp_item":"3454"}

success: {"out_summ":"4983.000000","OutSum":"4983.000000","inv_id":"763","InvId":"763","crc":"CD3D7A073B4ED7911AE76AD47181D4E0","SignatureValue":"CD3D7A073B4ED7911AE76AD47181D4E0","PaymentMethod":"EMoney","IncSum":"4983.000000","IncCurrLabel":"YandexMerchantOceanR","Shp_item":"3454"}

success: {"out_summ":"4983.000000","OutSum":"4983.000000","inv_id":"763","InvId":"763","crc":"CD3D7A073B4ED7911AE76AD47181D4E0","SignatureValue":"CD3D7A073B4ED7911AE76AD47181D4E0","PaymentMethod":"EMoney","IncSum":"4983.000000","IncCurrLabel":"YandexMerchantOceanR","Shp_item":"3454"}

success: {"out_summ":"4983.000000","OutSum":"4983.000000","inv_id":"763","InvId":"763","crc":"CD3D7A073B4ED7911AE76AD47181D4E0","SignatureValue":"CD3D7A073B4ED7911AE76AD47181D4E0","PaymentMethod":"EMoney","IncSum":"4983.000000","IncCurrLabel":"YandexMerchantOceanR","Shp_item":"3454"}

success: {"out_summ":"1490.000000","OutSum":"1490.000000","inv_id":"764","InvId":"764","crc":"32251D93AD4F3500A03D3A1052ED6ABB","SignatureValue":"32251D93AD4F3500A03D3A1052ED6ABB","PaymentMethod":"EMoney","IncSum":"47.120000","IncCurrLabel":"LiqPayZ","Shp_item":"2602"}

success: {"out_summ":"1490.000000","OutSum":"1490.000000","inv_id":"764","InvId":"764","crc":"32251D93AD4F3500A03D3A1052ED6ABB","SignatureValue":"32251D93AD4F3500A03D3A1052ED6ABB","PaymentMethod":"EMoney","IncSum":"47.120000","IncCurrLabel":"LiqPayZ","Shp_item":"2602"}

success: {"out_summ":"1490.000000","OutSum":"1490.000000","inv_id":"764","InvId":"764","crc":"32251D93AD4F3500A03D3A1052ED6ABB","SignatureValue":"32251D93AD4F3500A03D3A1052ED6ABB","PaymentMethod":"EMoney","IncSum":"47.120000","IncCurrLabel":"LiqPayZ","Shp_item":"2602"}

success: {"out_summ":"1490.000000","OutSum":"1490.000000","inv_id":"764","InvId":"764","crc":"32251D93AD4F3500A03D3A1052ED6ABB","SignatureValue":"32251D93AD4F3500A03D3A1052ED6ABB","PaymentMethod":"EMoney","IncSum":"47.120000","IncCurrLabel":"LiqPayZ","Shp_item":"2602"}

success: {"out_summ":"4983.000000","OutSum":"4983.000000","inv_id":"768","InvId":"768","crc":"17770DD847D1984E18185C16AD4D28A7","SignatureValue":"17770DD847D1984E18185C16AD4D28A7","PaymentMethod":"OceanBank","IncSum":"4983.000000","IncCurrLabel":"BANKOCEAN2R","Shp_item":"1200"}

success: {"out_summ":"4983.000000","OutSum":"4983.000000","inv_id":"768","InvId":"768","crc":"17770DD847D1984E18185C16AD4D28A7","SignatureValue":"17770DD847D1984E18185C16AD4D28A7","PaymentMethod":"OceanBank","IncSum":"4983.000000","IncCurrLabel":"BANKOCEAN2R","Shp_item":"1200"}

success: {"out_summ":"4983.000000","OutSum":"4983.000000","inv_id":"768","InvId":"768","crc":"17770DD847D1984E18185C16AD4D28A7","SignatureValue":"17770DD847D1984E18185C16AD4D28A7","PaymentMethod":"OceanBank","IncSum":"4983.000000","IncCurrLabel":"BANKOCEAN2R","Shp_item":"1200"}

success: {"out_summ":"4983.000000","OutSum":"4983.000000","inv_id":"768","InvId":"768","crc":"17770DD847D1984E18185C16AD4D28A7","SignatureValue":"17770DD847D1984E18185C16AD4D28A7","PaymentMethod":"OceanBank","IncSum":"4983.000000","IncCurrLabel":"BANKOCEAN2R","Shp_item":"1200"}

success: {"out_summ":"4983.000000","OutSum":"4983.000000","inv_id":"771","InvId":"771","crc":"CCDB5133DB99E5A6B698276449995078","SignatureValue":"CCDB5133DB99E5A6B698276449995078","PaymentMethod":"OceanBank","IncSum":"4983.000000","IncCurrLabel":"BANKOCEAN2R","Shp_item":"3600"}

success: {"out_summ":"4983.000000","OutSum":"4983.000000","inv_id":"771","InvId":"771","crc":"CCDB5133DB99E5A6B698276449995078","SignatureValue":"CCDB5133DB99E5A6B698276449995078","PaymentMethod":"OceanBank","IncSum":"4983.000000","IncCurrLabel":"BANKOCEAN2R","Shp_item":"3600"}

success: {"out_summ":"4983.000000","OutSum":"4983.000000","inv_id":"771","InvId":"771","crc":"CCDB5133DB99E5A6B698276449995078","SignatureValue":"CCDB5133DB99E5A6B698276449995078","PaymentMethod":"OceanBank","IncSum":"4983.000000","IncCurrLabel":"BANKOCEAN2R","Shp_item":"3600"}

success: {"out_summ":"4983.000000","OutSum":"4983.000000","inv_id":"771","InvId":"771","crc":"CCDB5133DB99E5A6B698276449995078","SignatureValue":"CCDB5133DB99E5A6B698276449995078","PaymentMethod":"OceanBank","IncSum":"4983.000000","IncCurrLabel":"BANKOCEAN2R","Shp_item":"3600"}

success: {"out_summ":"1490.000000","OutSum":"1490.000000","inv_id":"774","InvId":"774","crc":"F5759E9A533C007BA60E98881C167CD5","SignatureValue":"F5759E9A533C007BA60E98881C167CD5","PaymentMethod":"EMoney","IncSum":"1490.000000","IncCurrLabel":"YandexMerchantOceanR","Shp_item":"3625"}

success: {"out_summ":"1490.000000","OutSum":"1490.000000","inv_id":"774","InvId":"774","crc":"F5759E9A533C007BA60E98881C167CD5","SignatureValue":"F5759E9A533C007BA60E98881C167CD5","PaymentMethod":"EMoney","IncSum":"1490.000000","IncCurrLabel":"YandexMerchantOceanR","Shp_item":"3625"}

success: {"out_summ":"1490.000000","OutSum":"1490.000000","inv_id":"774","InvId":"774","crc":"F5759E9A533C007BA60E98881C167CD5","SignatureValue":"F5759E9A533C007BA60E98881C167CD5","PaymentMethod":"EMoney","IncSum":"1490.000000","IncCurrLabel":"YandexMerchantOceanR","Shp_item":"3625"}

success: {"out_summ":"1490.000000","OutSum":"1490.000000","inv_id":"774","InvId":"774","crc":"F5759E9A533C007BA60E98881C167CD5","SignatureValue":"F5759E9A533C007BA60E98881C167CD5","PaymentMethod":"EMoney","IncSum":"1490.000000","IncCurrLabel":"YandexMerchantOceanR","Shp_item":"3625"}

success: {"out_summ":"4983.000000","OutSum":"4983.000000","inv_id":"776","InvId":"776","crc":"E378DC4CDE893D50949E5F7307230103","SignatureValue":"E378DC4CDE893D50949E5F7307230103","PaymentMethod":"EMoney","IncSum":"4983.000000","IncCurrLabel":"YandexMerchantOceanR","Shp_item":"2064"}

success: {"out_summ":"4983.000000","OutSum":"4983.000000","inv_id":"776","InvId":"776","crc":"E378DC4CDE893D50949E5F7307230103","SignatureValue":"E378DC4CDE893D50949E5F7307230103","PaymentMethod":"EMoney","IncSum":"4983.000000","IncCurrLabel":"YandexMerchantOceanR","Shp_item":"2064"}

success: {"out_summ":"4983.000000","OutSum":"4983.000000","inv_id":"776","InvId":"776","crc":"E378DC4CDE893D50949E5F7307230103","SignatureValue":"E378DC4CDE893D50949E5F7307230103","PaymentMethod":"EMoney","IncSum":"4983.000000","IncCurrLabel":"YandexMerchantOceanR","Shp_item":"2064"}

success: {"out_summ":"4983.000000","OutSum":"4983.000000","inv_id":"776","InvId":"776","crc":"E378DC4CDE893D50949E5F7307230103","SignatureValue":"E378DC4CDE893D50949E5F7307230103","PaymentMethod":"EMoney","IncSum":"4983.000000","IncCurrLabel":"YandexMerchantOceanR","Shp_item":"2064"}

success: {"out_summ":"4983.000000","OutSum":"4983.000000","inv_id":"778","InvId":"778","crc":"A394BDE1EEF7556BA7E97BDDE3CE9B7D","SignatureValue":"A394BDE1EEF7556BA7E97BDDE3CE9B7D","PaymentMethod":"EMoney","IncSum":"4983.000000","IncCurrLabel":"YandexMerchantOceanR","Shp_item":"3240"}

success: {"out_summ":"4983.000000","OutSum":"4983.000000","inv_id":"778","InvId":"778","crc":"A394BDE1EEF7556BA7E97BDDE3CE9B7D","SignatureValue":"A394BDE1EEF7556BA7E97BDDE3CE9B7D","PaymentMethod":"EMoney","IncSum":"4983.000000","IncCurrLabel":"YandexMerchantOceanR","Shp_item":"3240"}

success: {"out_summ":"4983.000000","OutSum":"4983.000000","inv_id":"778","InvId":"778","crc":"A394BDE1EEF7556BA7E97BDDE3CE9B7D","SignatureValue":"A394BDE1EEF7556BA7E97BDDE3CE9B7D","PaymentMethod":"EMoney","IncSum":"4983.000000","IncCurrLabel":"YandexMerchantOceanR","Shp_item":"3240"}

success: {"out_summ":"4983.000000","OutSum":"4983.000000","inv_id":"778","InvId":"778","crc":"A394BDE1EEF7556BA7E97BDDE3CE9B7D","SignatureValue":"A394BDE1EEF7556BA7E97BDDE3CE9B7D","PaymentMethod":"EMoney","IncSum":"4983.000000","IncCurrLabel":"YandexMerchantOceanR","Shp_item":"3240"}

success: {"out_summ":"4983.000000","OutSum":"4983.000000","inv_id":"781","InvId":"781","crc":"767093D98AEE96EF45C7B76FBE62193D","SignatureValue":"767093D98AEE96EF45C7B76FBE62193D","PaymentMethod":"EMoney","IncSum":"4983.000000","IncCurrLabel":"WMRM","Shp_item":"3454"}

success: {"out_summ":"4983.000000","OutSum":"4983.000000","inv_id":"781","InvId":"781","crc":"767093D98AEE96EF45C7B76FBE62193D","SignatureValue":"767093D98AEE96EF45C7B76FBE62193D","PaymentMethod":"EMoney","IncSum":"4983.000000","IncCurrLabel":"WMRM","Shp_item":"3454"}

success: {"out_summ":"4983.000000","OutSum":"4983.000000","inv_id":"781","InvId":"781","crc":"767093D98AEE96EF45C7B76FBE62193D","SignatureValue":"767093D98AEE96EF45C7B76FBE62193D","PaymentMethod":"EMoney","IncSum":"4983.000000","IncCurrLabel":"WMRM","Shp_item":"3454"}

success: {"out_summ":"4983.000000","OutSum":"4983.000000","inv_id":"781","InvId":"781","crc":"767093D98AEE96EF45C7B76FBE62193D","SignatureValue":"767093D98AEE96EF45C7B76FBE62193D","PaymentMethod":"EMoney","IncSum":"4983.000000","IncCurrLabel":"WMRM","Shp_item":"3454"}

success: {"out_summ":"4983.000000","OutSum":"4983.000000","inv_id":"784","InvId":"784","crc":"B8E05FFE4EBC67DA5E1A98327FBABA0B","SignatureValue":"B8E05FFE4EBC67DA5E1A98327FBABA0B","PaymentMethod":"EMoney","IncSum":"4983.000000","IncCurrLabel":"WMRM","Shp_item":"3556"}

success: {"out_summ":"4983.000000","OutSum":"4983.000000","inv_id":"784","InvId":"784","crc":"B8E05FFE4EBC67DA5E1A98327FBABA0B","SignatureValue":"B8E05FFE4EBC67DA5E1A98327FBABA0B","PaymentMethod":"EMoney","IncSum":"4983.000000","IncCurrLabel":"WMRM","Shp_item":"3556"}

success: {"out_summ":"4983.000000","OutSum":"4983.000000","inv_id":"784","InvId":"784","crc":"B8E05FFE4EBC67DA5E1A98327FBABA0B","SignatureValue":"B8E05FFE4EBC67DA5E1A98327FBABA0B","PaymentMethod":"EMoney","IncSum":"4983.000000","IncCurrLabel":"WMRM","Shp_item":"3556"}

success: {"out_summ":"4983.000000","OutSum":"4983.000000","inv_id":"784","InvId":"784","crc":"B8E05FFE4EBC67DA5E1A98327FBABA0B","SignatureValue":"B8E05FFE4EBC67DA5E1A98327FBABA0B","PaymentMethod":"EMoney","IncSum":"4983.000000","IncCurrLabel":"WMRM","Shp_item":"3556"}

success: {"out_summ":"4983.000000","OutSum":"4983.000000","inv_id":"786","InvId":"786","crc":"D3512C29CAC8DFD2903EB6FA52B7C927","SignatureValue":"D3512C29CAC8DFD2903EB6FA52B7C927","PaymentMethod":"EMoney","IncSum":"4983.000000","IncCurrLabel":"YandexMerchantOceanR","Shp_item":"1200"}

success: {"out_summ":"4983.000000","OutSum":"4983.000000","inv_id":"786","InvId":"786","crc":"D3512C29CAC8DFD2903EB6FA52B7C927","SignatureValue":"D3512C29CAC8DFD2903EB6FA52B7C927","PaymentMethod":"EMoney","IncSum":"4983.000000","IncCurrLabel":"YandexMerchantOceanR","Shp_item":"1200"}

success: {"out_summ":"4983.000000","OutSum":"4983.000000","inv_id":"786","InvId":"786","crc":"D3512C29CAC8DFD2903EB6FA52B7C927","SignatureValue":"D3512C29CAC8DFD2903EB6FA52B7C927","PaymentMethod":"EMoney","IncSum":"4983.000000","IncCurrLabel":"YandexMerchantOceanR","Shp_item":"1200"}

success: {"out_summ":"4983.000000","OutSum":"4983.000000","inv_id":"786","InvId":"786","crc":"D3512C29CAC8DFD2903EB6FA52B7C927","SignatureValue":"D3512C29CAC8DFD2903EB6FA52B7C927","PaymentMethod":"EMoney","IncSum":"4983.000000","IncCurrLabel":"YandexMerchantOceanR","Shp_item":"1200"}

success: {"out_summ":"1490.000000","OutSum":"1490.000000","inv_id":"788","InvId":"788","crc":"3C20C782B794277B477F278E6C7A1842","SignatureValue":"3C20C782B794277B477F278E6C7A1842","PaymentMethod":"eInvoicing","IncSum":"1490.000000","IncCurrLabel":"AlfaBankOceanR","Shp_item":"3106"}

success: {"out_summ":"1490.000000","OutSum":"1490.000000","inv_id":"788","InvId":"788","crc":"3C20C782B794277B477F278E6C7A1842","SignatureValue":"3C20C782B794277B477F278E6C7A1842","PaymentMethod":"eInvoicing","IncSum":"1490.000000","IncCurrLabel":"AlfaBankOceanR","Shp_item":"3106"}

success: {"out_summ":"1490.000000","OutSum":"1490.000000","inv_id":"788","InvId":"788","crc":"3C20C782B794277B477F278E6C7A1842","SignatureValue":"3C20C782B794277B477F278E6C7A1842","PaymentMethod":"eInvoicing","IncSum":"1490.000000","IncCurrLabel":"AlfaBankOceanR","Shp_item":"3106"}

success: {"out_summ":"1490.000000","OutSum":"1490.000000","inv_id":"788","InvId":"788","crc":"3C20C782B794277B477F278E6C7A1842","SignatureValue":"3C20C782B794277B477F278E6C7A1842","PaymentMethod":"eInvoicing","IncSum":"1490.000000","IncCurrLabel":"AlfaBankOceanR","Shp_item":"3106"}

success: {"out_summ":"1490.000000","OutSum":"1490.000000","inv_id":"792","InvId":"792","crc":"CDDBDE9F7AC4C1BA89FEADBDF2B94A7B","SignatureValue":"CDDBDE9F7AC4C1BA89FEADBDF2B94A7B","PaymentMethod":"OceanBank","IncSum":"1490.000000","IncCurrLabel":"BANKOCEAN2R","Shp_item":"3137"}

success: {"out_summ":"1490.000000","OutSum":"1490.000000","inv_id":"792","InvId":"792","crc":"CDDBDE9F7AC4C1BA89FEADBDF2B94A7B","SignatureValue":"CDDBDE9F7AC4C1BA89FEADBDF2B94A7B","PaymentMethod":"OceanBank","IncSum":"1490.000000","IncCurrLabel":"BANKOCEAN2R","Shp_item":"3137"}

success: {"out_summ":"1490.000000","OutSum":"1490.000000","inv_id":"792","InvId":"792","crc":"CDDBDE9F7AC4C1BA89FEADBDF2B94A7B","SignatureValue":"CDDBDE9F7AC4C1BA89FEADBDF2B94A7B","PaymentMethod":"OceanBank","IncSum":"1490.000000","IncCurrLabel":"BANKOCEAN2R","Shp_item":"3137"}

success: {"out_summ":"1490.000000","OutSum":"1490.000000","inv_id":"792","InvId":"792","crc":"CDDBDE9F7AC4C1BA89FEADBDF2B94A7B","SignatureValue":"CDDBDE9F7AC4C1BA89FEADBDF2B94A7B","PaymentMethod":"OceanBank","IncSum":"1490.000000","IncCurrLabel":"BANKOCEAN2R","Shp_item":"3137"}

success: {"out_summ":"1490.000000","OutSum":"1490.000000","inv_id":"795","InvId":"795","crc":"2E76DBEB33F8825664BF7340216AA0A6","SignatureValue":"2E76DBEB33F8825664BF7340216AA0A6","PaymentMethod":"EMoney","IncSum":"1490.000000","IncCurrLabel":"YandexMerchantOceanR","Shp_item":"3648"}

success: {"out_summ":"1490.000000","OutSum":"1490.000000","inv_id":"795","InvId":"795","crc":"2E76DBEB33F8825664BF7340216AA0A6","SignatureValue":"2E76DBEB33F8825664BF7340216AA0A6","PaymentMethod":"EMoney","IncSum":"1490.000000","IncCurrLabel":"YandexMerchantOceanR","Shp_item":"3648"}

success: {"out_summ":"1490.000000","OutSum":"1490.000000","inv_id":"795","InvId":"795","crc":"2E76DBEB33F8825664BF7340216AA0A6","SignatureValue":"2E76DBEB33F8825664BF7340216AA0A6","PaymentMethod":"EMoney","IncSum":"1490.000000","IncCurrLabel":"YandexMerchantOceanR","Shp_item":"3648"}

success: {"out_summ":"1490.000000","OutSum":"1490.000000","inv_id":"795","InvId":"795","crc":"2E76DBEB33F8825664BF7340216AA0A6","SignatureValue":"2E76DBEB33F8825664BF7340216AA0A6","PaymentMethod":"EMoney","IncSum":"1490.000000","IncCurrLabel":"YandexMerchantOceanR","Shp_item":"3648"}

success: {"out_summ":"4983.000000","OutSum":"4983.000000","inv_id":"799","InvId":"799","crc":"F9D4658FD0862D5E548D899C43A2EE47","SignatureValue":"F9D4658FD0862D5E548D899C43A2EE47","PaymentMethod":"EMoney","IncSum":"4983.000000","IncCurrLabel":"YandexMerchantOceanR","Shp_item":"3240"}

success: {"out_summ":"4983.000000","OutSum":"4983.000000","inv_id":"799","InvId":"799","crc":"F9D4658FD0862D5E548D899C43A2EE47","SignatureValue":"F9D4658FD0862D5E548D899C43A2EE47","PaymentMethod":"EMoney","IncSum":"4983.000000","IncCurrLabel":"YandexMerchantOceanR","Shp_item":"3240"}

success: {"out_summ":"4983.000000","OutSum":"4983.000000","inv_id":"799","InvId":"799","crc":"F9D4658FD0862D5E548D899C43A2EE47","SignatureValue":"F9D4658FD0862D5E548D899C43A2EE47","PaymentMethod":"EMoney","IncSum":"4983.000000","IncCurrLabel":"YandexMerchantOceanR","Shp_item":"3240"}

success: {"out_summ":"4983.000000","OutSum":"4983.000000","inv_id":"799","InvId":"799","crc":"F9D4658FD0862D5E548D899C43A2EE47","SignatureValue":"F9D4658FD0862D5E548D899C43A2EE47","PaymentMethod":"EMoney","IncSum":"4983.000000","IncCurrLabel":"YandexMerchantOceanR","Shp_item":"3240"}

success: {"out_summ":"4983.000000","OutSum":"4983.000000","inv_id":"801","InvId":"801","crc":"6F51A6D363F98D4F4334EA7EF7EBC1AA","SignatureValue":"6F51A6D363F98D4F4334EA7EF7EBC1AA","PaymentMethod":"EMoney","IncSum":"4983.000000","IncCurrLabel":"YandexMerchantOceanR","Shp_item":"2064"}

success: {"out_summ":"4983.000000","OutSum":"4983.000000","inv_id":"801","InvId":"801","crc":"6F51A6D363F98D4F4334EA7EF7EBC1AA","SignatureValue":"6F51A6D363F98D4F4334EA7EF7EBC1AA","PaymentMethod":"EMoney","IncSum":"4983.000000","IncCurrLabel":"YandexMerchantOceanR","Shp_item":"2064"}

success: {"out_summ":"4983.000000","OutSum":"4983.000000","inv_id":"801","InvId":"801","crc":"6F51A6D363F98D4F4334EA7EF7EBC1AA","SignatureValue":"6F51A6D363F98D4F4334EA7EF7EBC1AA","PaymentMethod":"EMoney","IncSum":"4983.000000","IncCurrLabel":"YandexMerchantOceanR","Shp_item":"2064"}

success: {"out_summ":"4983.000000","OutSum":"4983.000000","inv_id":"801","InvId":"801","crc":"6F51A6D363F98D4F4334EA7EF7EBC1AA","SignatureValue":"6F51A6D363F98D4F4334EA7EF7EBC1AA","PaymentMethod":"EMoney","IncSum":"4983.000000","IncCurrLabel":"YandexMerchantOceanR","Shp_item":"2064"}

success: {"out_summ":"4983.000000","OutSum":"4983.000000","inv_id":"803","InvId":"803","crc":"D9029F51C418686616EF87ABC14D6DB1","SignatureValue":"D9029F51C418686616EF87ABC14D6DB1","PaymentMethod":"EMoney","IncSum":"4983.000000","IncCurrLabel":"YandexMerchantOceanR","Shp_item":"3217"}

success: {"out_summ":"4983.000000","OutSum":"4983.000000","inv_id":"803","InvId":"803","crc":"D9029F51C418686616EF87ABC14D6DB1","SignatureValue":"D9029F51C418686616EF87ABC14D6DB1","PaymentMethod":"EMoney","IncSum":"4983.000000","IncCurrLabel":"YandexMerchantOceanR","Shp_item":"3217"}

success: {"out_summ":"4983.000000","OutSum":"4983.000000","inv_id":"803","InvId":"803","crc":"D9029F51C418686616EF87ABC14D6DB1","SignatureValue":"D9029F51C418686616EF87ABC14D6DB1","PaymentMethod":"EMoney","IncSum":"4983.000000","IncCurrLabel":"YandexMerchantOceanR","Shp_item":"3217"}

success: {"out_summ":"4983.000000","OutSum":"4983.000000","inv_id":"803","InvId":"803","crc":"D9029F51C418686616EF87ABC14D6DB1","SignatureValue":"D9029F51C418686616EF87ABC14D6DB1","PaymentMethod":"EMoney","IncSum":"4983.000000","IncCurrLabel":"YandexMerchantOceanR","Shp_item":"3217"}

