new orders to cache: 311
143 <br><textarea><font color="red">Кабинет не относится к тарифу</font><br></textarea><br>
	142 <br><textarea><font color="red">Интервал сбора указан не верно</font><br><font color="red">Дата завершения сбора не указана</font><br></textarea><br>
	138 <br><textarea><font color="red">Интервал сбора указан не верно</font><br><font color="red">Дата завершения сбора не указана</font><br><font color="red">Кабинет не относится к тарифу</font><br></textarea><br>
	140 <br><textarea></textarea><br>
	135 <br><textarea><font color="red">Интервал сбора указан не верно</font><br><font color="red">Дата завершения сбора не указана</font><br></textarea><br>
	145 <br><textarea><font color="red">Интервал сбора указан не верно</font><br><font color="red">Дата завершения сбора не указана</font><br></textarea><br>
	146 <br><textarea><font color="red">Интервал сбора указан не верно</font><br><font color="red">Дата завершения сбора не указана</font><br></textarea><br>
	147 <br><textarea><font color="red">Кабинет не относится к тарифу</font><br></textarea><br>
	151 <br><textarea></textarea><br>
	150 <br><textarea></textarea><br>
	152 <br><textarea></textarea><br>
	153 <br><textarea><font color="red">Интервал сбора указан не верно</font><br><font color="red">Дата завершения сбора не указана</font><br></textarea><br>
	154 <br><textarea><font color="red">Интервал сбора указан не верно</font><br><font color="red">Дата завершения сбора не указана</font><br></textarea><br>
	155 <br><textarea><font color="red">Интервал сбора указан не верно</font><br><font color="red">Дата завершения сбора не указана</font><br></textarea><br>
	156 <br><textarea></textarea><br>
	157 <br><textarea></textarea><br>
	158 <br><textarea></textarea><br>
	159 <br><textarea></textarea><br>
	161 <br><textarea></textarea><br>
	162 <br><textarea></textarea><br>
	163 <br><textarea></textarea><br>
	164 <br><textarea></textarea><br>
	165 <br><textarea></textarea><br>
	166 <br><textarea></textarea><br>
	167 <br><textarea></textarea><br>
	168 <br><textarea></textarea><br>
	169 <br><textarea></textarea><br>
	170 <br><textarea></textarea><br>
	176 <br><textarea></textarea><br>
	177 <br><textarea></textarea><br>
	173 <br><textarea></textarea><br>
	174 <br><textarea></textarea><br>
	175 <br><textarea></textarea><br>
	179 <br><textarea></textarea><br>
	195 <br><textarea></textarea><br>
	183 <br><textarea></textarea><br>
	181 <br><textarea></textarea><br>
	182 <br><textarea></textarea><br>
	184 <br><textarea></textarea><br>
	185 <br><textarea></textarea><br>
	186 <br><textarea></textarea><br>
	187 <br><textarea></textarea><br>
	188 <br><textarea></textarea><br>
	189 <br><textarea></textarea><br>
	190 <br><textarea></textarea><br>
	191 <br><textarea></textarea><br>
	192 <br><textarea></textarea><br>
	193 <br><textarea></textarea><br>
	194 <br><textarea></textarea><br>
	210 <br><textarea><font color="red">Интервал сбора указан не верно</font><br><font color="red">Дата завершения сбора не указана</font><br></textarea><br>
	197 <br><textarea></textarea><br>
	198 <br><textarea></textarea><br>
	199 <br><textarea></textarea><br>
	200 <br><textarea></textarea><br>
	209 <br><textarea><font color="red">Интервал сбора указан не верно</font><br><font color="red">Дата завершения сбора не указана</font><br></textarea><br>
	201 <br><textarea></textarea><br>
	202 <br><textarea></textarea><br>
	203 <br><textarea></textarea><br>
	204 <br><textarea></textarea><br>
	205 <br><textarea></textarea><br>
	206 <br><textarea></textarea><br>
	207 <br><textarea><font color="red">Кабинет не относится к тарифу</font><br></textarea><br>
	208 <br><textarea></textarea><br>
	211 <br><textarea><font color="red">Интервал сбора указан не верно</font><br><font color="red">Дата завершения сбора не указана</font><br></textarea><br>
	212 <br><textarea></textarea><br>
	213 <br><textarea></textarea><br>
	214 <br><textarea></textarea><br>
	215 <br><textarea></textarea><br>
	216 <br><textarea></textarea><br>
	217 <br><textarea></textarea><br>
	218 <br><textarea></textarea><br>
	219 <br><textarea></textarea><br>
	220 <br><textarea></textarea><br>
	221 <br><textarea></textarea><br>
	222 <br><textarea></textarea><br>
	223 <br><textarea></textarea><br>
	224 <br><textarea></textarea><br>
	225 <br><textarea></textarea><br>
	226 <br><textarea></textarea><br>
	227 <br><textarea></textarea><br>
	228 <br><textarea></textarea><br>
	229 <br><textarea></textarea><br>
	230 <br><textarea></textarea><br>
	231 <br><textarea></textarea><br>
	232 <br><textarea><font color="red">Интервал сбора указан не верно</font><br></textarea><br>
	233 <br><textarea></textarea><br>
	234 <br><textarea></textarea><br>
	235 <br><textarea></textarea><br>
	236 <br><textarea></textarea><br>
	237 <br><textarea></textarea><br>
	238 <br><textarea></textarea><br>
	239 <br><textarea></textarea><br>
	240 <br><textarea></textarea><br>
	241 <br><textarea></textarea><br>
	242 <br><textarea></textarea><br>
	243 <br><textarea></textarea><br>
	244 <br><textarea></textarea><br>
	245 <br><textarea></textarea><br>
	246 <br><textarea></textarea><br>
	247 <br><textarea></textarea><br>
	248 <br><textarea></textarea><br>
	249 <br><textarea></textarea><br>
	250 <br><textarea></textarea><br>
	251 <br><textarea></textarea><br>
	252 <br><textarea></textarea><br>
	253 <br><textarea></textarea><br>
	255 <br><textarea></textarea><br>
	256 <br><textarea></textarea><br>
	257 <br><textarea></textarea><br>
	258 <br><textarea></textarea><br>
	259 <br><textarea></textarea><br>
	260 <br><textarea></textarea><br>
	447 Snickers<br><textarea></textarea><br>
	448 Сникерс<br><textarea></textarea><br>
	449 Snickers|Сникерс<br><textarea></textarea><br>
	450 Падение Яндекса<br><textarea></textarea><br>
	446 "Белый Ветер" и digital.ru<br><textarea></textarea><br>
	261 <br><textarea></textarea><br>
	262 <br><textarea></textarea><br>
	263 <br><textarea></textarea><br>
	265 <br><textarea></textarea><br>
	266 <br><textarea></textarea><br>
	267 <br><textarea></textarea><br>
	268 <br><textarea></textarea><br>
	271 <br><textarea></textarea><br>
	272 <br><textarea></textarea><br>
	273 <br><textarea></textarea><br>
	274 <br><textarea></textarea><br>
	275 СВЯЗНОЙ<br><textarea></textarea><br>
	276 <br><textarea></textarea><br>
	277 <br><textarea></textarea><br>
	278 <br><textarea></textarea><br>
	279 <br><textarea></textarea><br>
	280 <br><textarea></textarea><br>
	281 <br><textarea></textarea><br>
	282 <br><textarea></textarea><br>
	283 <br><textarea></textarea><br>
	284 <br><textarea></textarea><br>
	285 <br><textarea></textarea><br>
	287 <br><textarea></textarea><br>
	288 <br><textarea></textarea><br>
	294 <br><textarea></textarea><br>
	308 <br><textarea></textarea><br>
	309 <br><textarea></textarea><br>
	296 <br><textarea></textarea><br>
	297 <br><textarea></textarea><br>
	298 <br><textarea></textarea><br>
	299 <br><textarea></textarea><br>
	295 <br><textarea></textarea><br>
	300 <br><textarea></textarea><br>
	301 <br><textarea></textarea><br>
	302 <br><textarea></textarea><br>
	303 <br><textarea></textarea><br>
	304 <br><textarea></textarea><br>
	437 Агро-Альянс, Увелка, Ярмарка, Мистраль, Ангстрем<br><textarea></textarea><br>
	438 Крупы №1<br><textarea></textarea><br>
	439 Крупы №2<br><textarea></textarea><br>
	440 Лукойл<br><textarea></textarea><br>
	305 <br><textarea></textarea><br>
	310 Собянин<br><textarea></textarea><br>
	311 Матвиенко<br><textarea></textarea><br>
	312 Кафе "Зю"<br><textarea></textarea><br>
	313 Акунин<br><textarea></textarea><br>
	314 Улицкая<br><textarea></textarea><br>
	315 росмэн<br><textarea></textarea><br>
	316 А что это я здесь делаю?<br><textarea><font color="red">Кабинет не относится к тарифу</font><br></textarea><br>
	317 Ананасная вода для прекрасной дамы<br><textarea></textarea><br>
	318 Рипол-классик<br><textarea></textarea><br>
	319 Snikers<br><textarea></textarea><br>
	320 ВТБ24<br><textarea></textarea><br>
	321 KIA Venga<br><textarea></textarea><br>
	322 "Venga" + "Венга"<br><textarea></textarea><br>
	323 Бренд Триколор ТВ (1-й временной интервал)<br><textarea></textarea><br>
	324 Бренд Триколор ТВ (2-й временной интервал)<br><textarea></textarea><br>
	327 Евросеть<br><textarea></textarea><br>
	326 003.ru<br><textarea></textarea><br>
	325 003.ru<br><textarea></textarea><br>
	328 "Леруа" | "Мерлен" | "Лерой" | "Мерлин" | "Leroy" | "Merlen" | "Lerua"<br><textarea></textarea><br>
	329 "Максидом"<br><textarea></textarea><br>
	330 Бауцентр | Бауцентор | Бауцентер<br><textarea></textarea><br>
	331 Нивал+Nival+Невал<br><textarea></textarea><br>
	332 7 элемент+сидьмой элемент+7 souls+седьмой элемент<br><textarea></textarea><br>
	333 kings bounty+kingsbounty+кингс баунти+кингсбаунти+kbl<br><textarea></textarea><br>
	334 <br><textarea><font color="red">Запрос у кабинета пуст</font><br><font color="red">Пользователь кабинета не назначен</font><br><font color="red">Кабинет не относится к тарифу</font><br></textarea><br>
	335 <br><textarea><font color="red">Запрос у кабинета пуст</font><br><font color="red">Пользователь кабинета не назначен</font><br><font color="red">Кабинет не относится к тарифу</font><br></textarea><br>
	336 <br><textarea><font color="red">Запрос у кабинета пуст</font><br><font color="red">Пользователь кабинета не назначен</font><br><font color="red">Кабинет не относится к тарифу</font><br></textarea><br>
	337 <br><textarea><font color="red">Запрос у кабинета пуст</font><br><font color="red">Пользователь кабинета не назначен</font><br><font color="red">Кабинет не относится к тарифу</font><br></textarea><br>
	338 <br><textarea><font color="red">Запрос у кабинета пуст</font><br><font color="red">Пользователь кабинета не назначен</font><br><font color="red">Кабинет не относится к тарифу</font><br></textarea><br>
	339 <br><textarea><font color="red">Запрос у кабинета пуст</font><br><font color="red">Пользователь кабинета не назначен</font><br><font color="red">Кабинет не относится к тарифу</font><br></textarea><br>
	340 <br><textarea><font color="red">Запрос у кабинета пуст</font><br><font color="red">Пользователь кабинета не назначен</font><br><font color="red">Кабинет не относится к тарифу</font><br></textarea><br>
	341 <br><textarea><font color="red">Запрос у кабинета пуст</font><br><font color="red">Пользователь кабинета не назначен</font><br><font color="red">Кабинет не относится к тарифу</font><br></textarea><br>
	342 <br><textarea><font color="red">Запрос у кабинета пуст</font><br><font color="red">Пользователь кабинета не назначен</font><br><font color="red">Кабинет не относится к тарифу</font><br></textarea><br>
	343 <br><textarea><font color="red">Запрос у кабинета пуст</font><br><font color="red">Пользователь кабинета не назначен</font><br><font color="red">Кабинет не относится к тарифу</font><br></textarea><br>
	344 <br><textarea><font color="red">Запрос у кабинета пуст</font><br><font color="red">Пользователь кабинета не назначен</font><br><font color="red">Кабинет не относится к тарифу</font><br></textarea><br>
	345 <br><textarea><font color="red">Запрос у кабинета пуст</font><br><font color="red">Пользователь кабинета не назначен</font><br><font color="red">Кабинет не относится к тарифу</font><br></textarea><br>
	346 <br><textarea><font color="red">Запрос у кабинета пуст</font><br><font color="red">Пользователь кабинета не назначен</font><br><font color="red">Кабинет не относится к тарифу</font><br></textarea><br>
	347 <br><textarea><font color="red">Запрос у кабинета пуст</font><br><font color="red">Пользователь кабинета не назначен</font><br><font color="red">Кабинет не относится к тарифу</font><br></textarea><br>
	349 <br><textarea><font color="red">Запрос у кабинета пуст</font><br><font color="red">Пользователь кабинета не назначен</font><br><font color="red">Кабинет не относится к тарифу</font><br></textarea><br>
	350 <br><textarea><font color="red">Запрос у кабинета пуст</font><br><font color="red">Пользователь кабинета не назначен</font><br><font color="red">Кабинет не относится к тарифу</font><br></textarea><br>
	351 <br><textarea><font color="red">Запрос у кабинета пуст</font><br><font color="red">Пользователь кабинета не назначен</font><br><font color="red">Кабинет не относится к тарифу</font><br></textarea><br>
	352 <br><textarea><font color="red">Запрос у кабинета пуст</font><br><font color="red">Пользователь кабинета не назначен</font><br><font color="red">Кабинет не относится к тарифу</font><br></textarea><br>
	353 <br><textarea><font color="red">Запрос у кабинета пуст</font><br><font color="red">Пользователь кабинета не назначен</font><br><font color="red">Кабинет не относится к тарифу</font><br></textarea><br>
	354 <br><textarea><font color="red">Запрос у кабинета пуст</font><br><font color="red">Пользователь кабинета не назначен</font><br><font color="red">Кабинет не относится к тарифу</font><br></textarea><br>
	355 <br><textarea><font color="red">Запрос у кабинета пуст</font><br><font color="red">Пользователь кабинета не назначен</font><br><font color="red">Кабинет не относится к тарифу</font><br></textarea><br>
	356 <br><textarea><font color="red">Запрос у кабинета пуст</font><br><font color="red">Пользователь кабинета не назначен</font><br><font color="red">Кабинет не относится к тарифу</font><br></textarea><br>
	357 <br><textarea><font color="red">Запрос у кабинета пуст</font><br><font color="red">Пользователь кабинета не назначен</font><br><font color="red">Кабинет не относится к тарифу</font><br></textarea><br>
	359 <br><textarea><font color="red">Запрос у кабинета пуст</font><br><font color="red">Пользователь кабинета не назначен</font><br><font color="red">Кабинет не относится к тарифу</font><br></textarea><br>
	360 <br><textarea><font color="red">Запрос у кабинета пуст</font><br><font color="red">Пользователь кабинета не назначен</font><br><font color="red">Кабинет не относится к тарифу</font><br></textarea><br>
	361 <br><textarea><font color="red">Запрос у кабинета пуст</font><br><font color="red">Пользователь кабинета не назначен</font><br><font color="red">Кабинет не относится к тарифу</font><br></textarea><br>
	362 <br><textarea><font color="red">Запрос у кабинета пуст</font><br><font color="red">Пользователь кабинета не назначен</font><br><font color="red">Кабинет не относится к тарифу</font><br></textarea><br>
	363 <br><textarea><font color="red">Запрос у кабинета пуст</font><br><font color="red">Пользователь кабинета не назначен</font><br><font color="red">Кабинет не относится к тарифу</font><br></textarea><br>
	364 <br><textarea><font color="red">Запрос у кабинета пуст</font><br><font color="red">Пользователь кабинета не назначен</font><br><font color="red">Кабинет не относится к тарифу</font><br></textarea><br>
	365 <br><textarea><font color="red">Запрос у кабинета пуст</font><br><font color="red">Пользователь кабинета не назначен</font><br><font color="red">Кабинет не относится к тарифу</font><br></textarea><br>
	366 <br><textarea><font color="red">Запрос у кабинета пуст</font><br><font color="red">Пользователь кабинета не назначен</font><br><font color="red">Кабинет не относится к тарифу</font><br></textarea><br>
	367 <br><textarea><font color="red">Запрос у кабинета пуст</font><br><font color="red">Пользователь кабинета не назначен</font><br><font color="red">Кабинет не относится к тарифу</font><br></textarea><br>
	368 <br><textarea><font color="red">Запрос у кабинета пуст</font><br><font color="red">Пользователь кабинета не назначен</font><br><font color="red">Кабинет не относится к тарифу</font><br></textarea><br>
	369 <br><textarea><font color="red">Запрос у кабинета пуст</font><br><font color="red">Пользователь кабинета не назначен</font><br><font color="red">Кабинет не относится к тарифу</font><br></textarea><br>
	370 <br><textarea><font color="red">Запрос у кабинета пуст</font><br><font color="red">Пользователь кабинета не назначен</font><br><font color="red">Кабинет не относится к тарифу</font><br></textarea><br>
	371 <br><textarea><font color="red">Запрос у кабинета пуст</font><br><font color="red">Пользователь кабинета не назначен</font><br><font color="red">Кабинет не относится к тарифу</font><br></textarea><br>
	372 <br><textarea><font color="red">Запрос у кабинета пуст</font><br><font color="red">Пользователь кабинета не назначен</font><br><font color="red">Кабинет не относится к тарифу</font><br></textarea><br>
	373 <br><textarea><font color="red">Запрос у кабинета пуст</font><br><font color="red">Пользователь кабинета не назначен</font><br><font color="red">Кабинет не относится к тарифу</font><br></textarea><br>
	374 <br><textarea><font color="red">Запрос у кабинета пуст</font><br><font color="red">Пользователь кабинета не назначен</font><br><font color="red">Кабинет не относится к тарифу</font><br></textarea><br>
	375 <br><textarea><font color="red">Запрос у кабинета пуст</font><br><font color="red">Пользователь кабинета не назначен</font><br><font color="red">Кабинет не относится к тарифу</font><br></textarea><br>
	376 <br><textarea><font color="red">Запрос у кабинета пуст</font><br><font color="red">Пользователь кабинета не назначен</font><br><font color="red">Кабинет не относится к тарифу</font><br></textarea><br>
	377 <br><textarea><font color="red">Запрос у кабинета пуст</font><br><font color="red">Пользователь кабинета не назначен</font><br><font color="red">Кабинет не относится к тарифу</font><br></textarea><br>
	378 <br><textarea><font color="red">Запрос у кабинета пуст</font><br><font color="red">Пользователь кабинета не назначен</font><br><font color="red">Кабинет не относится к тарифу</font><br></textarea><br>
	379 <br><textarea><font color="red">Запрос у кабинета пуст</font><br><font color="red">Пользователь кабинета не назначен</font><br><font color="red">Кабинет не относится к тарифу</font><br></textarea><br>
	380 <br><textarea><font color="red">Запрос у кабинета пуст</font><br><font color="red">Пользователь кабинета не назначен</font><br><font color="red">Кабинет не относится к тарифу</font><br></textarea><br>
	381 <br><textarea><font color="red">Запрос у кабинета пуст</font><br><font color="red">Пользователь кабинета не назначен</font><br><font color="red">Кабинет не относится к тарифу</font><br></textarea><br>
	382 <br><textarea><font color="red">Запрос у кабинета пуст</font><br><font color="red">Пользователь кабинета не назначен</font><br><font color="red">Кабинет не относится к тарифу</font><br></textarea><br>
	383 <br><textarea><font color="red">Запрос у кабинета пуст</font><br><font color="red">Пользователь кабинета не назначен</font><br><font color="red">Кабинет не относится к тарифу</font><br></textarea><br>
	384 <br><textarea><font color="red">Запрос у кабинета пуст</font><br><font color="red">Пользователь кабинета не назначен</font><br><font color="red">Кабинет не относится к тарифу</font><br></textarea><br>
	385 <br><textarea><font color="red">Запрос у кабинета пуст</font><br><font color="red">Пользователь кабинета не назначен</font><br><font color="red">Кабинет не относится к тарифу</font><br></textarea><br>
	386 <br><textarea><font color="red">Запрос у кабинета пуст</font><br><font color="red">Пользователь кабинета не назначен</font><br><font color="red">Кабинет не относится к тарифу</font><br></textarea><br>
	387 <br><textarea><font color="red">Запрос у кабинета пуст</font><br><font color="red">Пользователь кабинета не назначен</font><br><font color="red">Кабинет не относится к тарифу</font><br></textarea><br>
	388 <br><textarea><font color="red">Запрос у кабинета пуст</font><br><font color="red">Пользователь кабинета не назначен</font><br><font color="red">Кабинет не относится к тарифу</font><br></textarea><br>
	389 <br><textarea><font color="red">Запрос у кабинета пуст</font><br><font color="red">Пользователь кабинета не назначен</font><br><font color="red">Кабинет не относится к тарифу</font><br></textarea><br>
	390 <br><textarea><font color="red">Запрос у кабинета пуст</font><br><font color="red">Пользователь кабинета не назначен</font><br><font color="red">Кабинет не относится к тарифу</font><br></textarea><br>
	391 <br><textarea><font color="red">Запрос у кабинета пуст</font><br><font color="red">Пользователь кабинета не назначен</font><br><font color="red">Кабинет не относится к тарифу</font><br></textarea><br>
	392 <br><textarea><font color="red">Запрос у кабинета пуст</font><br><font color="red">Пользователь кабинета не назначен</font><br><font color="red">Кабинет не относится к тарифу</font><br></textarea><br>
	393 <br><textarea><font color="red">Запрос у кабинета пуст</font><br><font color="red">Пользователь кабинета не назначен</font><br><font color="red">Кабинет не относится к тарифу</font><br></textarea><br>
	394 <br><textarea><font color="red">Запрос у кабинета пуст</font><br><font color="red">Пользователь кабинета не назначен</font><br><font color="red">Кабинет не относится к тарифу</font><br></textarea><br>
	395 <br><textarea><font color="red">Запрос у кабинета пуст</font><br><font color="red">Пользователь кабинета не назначен</font><br><font color="red">Кабинет не относится к тарифу</font><br></textarea><br>
	396 <br><textarea><font color="red">Запрос у кабинета пуст</font><br><font color="red">Пользователь кабинета не назначен</font><br><font color="red">Кабинет не относится к тарифу</font><br></textarea><br>
	397 <br><textarea><font color="red">Запрос у кабинета пуст</font><br><font color="red">Пользователь кабинета не назначен</font><br><font color="red">Кабинет не относится к тарифу</font><br></textarea><br>
	398 <br><textarea><font color="red">Запрос у кабинета пуст</font><br><font color="red">Пользователь кабинета не назначен</font><br><font color="red">Кабинет не относится к тарифу</font><br></textarea><br>
	399 <br><textarea><font color="red">Запрос у кабинета пуст</font><br><font color="red">Пользователь кабинета не назначен</font><br><font color="red">Кабинет не относится к тарифу</font><br></textarea><br>
	400 МЕГАФОН<br><textarea></textarea><br>
	403 ШЕВРОЛЕ<br><textarea></textarea><br>
	402 РЕНО<br><textarea></textarea><br>
	401 ФИАТ<br><textarea></textarea><br>
	441 Microsoft<br><textarea></textarea><br>
	435 вело-команда "Катюша"<br><textarea></textarea><br>
	436 Итера<br><textarea></textarea><br>
	451 Венгрия<br><textarea></textarea><br>
	452 Хевиз<br><textarea></textarea><br>
	453 Балатон<br><textarea></textarea><br>
	454 Дунай<br><textarea></textarea><br>
	455 Будапешт<br><textarea></textarea><br>
	432 RBI<br><textarea></textarea><br>
	405 Телеканал Домашний<br><textarea></textarea><br>
	411 Балатон<br><textarea></textarea><br>
	410 Хевиз<br><textarea></textarea><br>
	409 Венгрия<br><textarea></textarea><br>
	412 Дунай<br><textarea></textarea><br>
	413 Будапешт<br><textarea></textarea><br>
	414 Венгрия<br><textarea></textarea><br>
	415 Хевиз<br><textarea></textarea><br>
	416 Балатон<br><textarea></textarea><br>
	417 Дунай<br><textarea></textarea><br>
	418 Будапешт<br><textarea></textarea><br>
	419 Канефрон<br><textarea></textarea><br>
	420 Синупрет<br><textarea></textarea><br>
	421 Тонзилгон<br><textarea></textarea><br>
	422 Молоток.ru<br><textarea></textarea><br>
	423 Агро-Альянс<br><textarea></textarea><br>
	424 Увелка<br><textarea></textarea><br>
	425 Мистраль<br><textarea></textarea><br>
	426 Ангстрем<br><textarea></textarea><br>
	427 вело-команда "Катюша"<br><textarea></textarea><br>
	428 НГК "Итера"<br><textarea></textarea><br>
	429 матрасы "Аскона"<br><textarea></textarea><br>
	430 матрасы "Медифлекс"<br><textarea></textarea><br>
	431 Матрас ортопедический<br><textarea></textarea><br>
	433 Брокеркредитсервис<br><textarea></textarea><br>
	434 Линекс<br><textarea></textarea><br>
	442 Роникон<br><textarea></textarea><br>
	443 Vitek<br><textarea></textarea><br>
	444 Блогер против мусора<br><textarea></textarea><br>
	445 Натали Турс<br><textarea></textarea><br>
	456 Whiskas<br><textarea></textarea><br>
	457 Балтика<br><textarea></textarea><br>
	458 Брокеркредитсервис<br><textarea></textarea><br>
	459 Балтика "Кулер"<br><textarea></textarea><br>
	461 собянин<br><textarea></textarea><br>
	463 Нано<br><textarea></textarea><br>
	464 Лакалют<br><textarea></textarea><br>
	465 Skylink<br><textarea></textarea><br>
	466 Redbull<br><textarea></textarea><br>
	467 Tchibo<br><textarea></textarea><br>
	468 Flugtag<br><textarea></textarea><br>
	469 Nestle и стекло<br><textarea></textarea><br>
	470 Наноэлектроника<br><textarea></textarea><br>
	471 Наноинженерия<br><textarea></textarea><br>
	472 Нанобиотехнологии<br><textarea></textarea><br>
	473 Наноматериалы<br><textarea></textarea><br>
	474 Нанотехнологии<br><textarea></textarea><br>
	475 Наноидустрия<br><textarea></textarea><br>
	476 Роснано<br><textarea></textarea><br>
	477 Нано россия, нано в РФ<br><textarea></textarea><br>
	478 Nescafe<br><textarea></textarea><br>
	